# JRE version: Java(TM) SE Runtime Environment (8.0_60-b27) (build 1.8.0_60-b27)
# Java VM: Java HotSpot(TM) 64-Bit Server VM (25.60-b23 mixed mode windows-amd64 compressed oops)
Heap:
 PSYoungGen      total 279040K, used 166427K [0x000000076b400000, 0x000000077fa00000, 0x00000007c0000000)
  eden space 258560K, 61% used [0x000000076b400000,0x0000000774eb0190,0x000000077b080000)
  from space 20480K, 39% used [0x000000077b080000,0x000000077b856d30,0x000000077c480000)
  to   space 19456K, 0% used [0x000000077e700000,0x000000077e700000,0x000000077fa00000)
 ParOldGen       total 185856K, used 31758K [0x00000006c1c00000, 0x00000006cd180000, 0x000000076b400000)
  object space 185856K, 17% used [0x00000006c1c00000,0x00000006c3b03ad0,0x00000006cd180000)
 Metaspace       used 47181K, capacity 48624K, committed 48680K, reserved 1091584K
  class space    used 5711K, capacity 6136K, committed 6192K, reserved 1048576K
GC Heap History (10 events):
Event: 761.648 GC heap before
{Heap before GC invocations=15 (full 4):
 PSYoungGen      total 278016K, used 239749K [0x000000076b400000, 0x000000077d880000, 0x00000007c0000000)
  eden space 258048K, 92% used [0x000000076b400000,0x0000000779e21778,0x000000077b000000)
  from space 19968K, 0% used [0x000000077c400000,0x000000077c400000,0x000000077d780000)
  to   space 20480K, 0% used [0x000000077b000000,0x000000077b000000,0x000000077c400000)
 ParOldGen       total 185856K, used 29547K [0x00000006c1c00000, 0x00000006cd180000, 0x000000076b400000)
  object space 185856K, 15% used [0x00000006c1c00000,0x00000006c38dac28,0x00000006cd180000)
 Metaspace       used 45748K, capacity 46698K, committed 46888K, reserved 1089536K
  class space    used 5580K, capacity 5924K, committed 5936K, reserved 1048576K
Event: 761.653 GC heap after
Heap after GC invocations=15 (full 4):
 PSYoungGen      total 278528K, used 4903K [0x000000076b400000, 0x000000077d880000, 0x00000007c0000000)
  eden space 258048K, 0% used [0x000000076b400000,0x000000076b400000,0x000000077b000000)
  from space 20480K, 23% used [0x000000077b000000,0x000000077b4c9d98,0x000000077c400000)
  to   space 20480K, 0% used [0x000000077c480000,0x000000077c480000,0x000000077d880000)
 ParOldGen       total 185856K, used 29555K [0x00000006c1c00000, 0x00000006cd180000, 0x000000076b400000)
  object space 185856K, 15% used [0x00000006c1c00000,0x00000006c38dcc28,0x00000006cd180000)
 Metaspace       used 45748K, capacity 46698K, committed 46888K, reserved 1089536K
  class space    used 5580K, capacity 5924K, committed 5936K, reserved 1048576K
}
Event: 761.653 GC heap before
{Heap before GC invocations=16 (full 5):
 PSYoungGen      total 278528K, used 4903K [0x000000076b400000, 0x000000077d880000, 0x00000007c0000000)
  eden space 258048K, 0% used [0x000000076b400000,0x000000076b400000,0x000000077b000000)
  from space 20480K, 23% used [0x000000077b000000,0x000000077b4c9d98,0x000000077c400000)
  to   space 20480K, 0% used [0x000000077c480000,0x000000077c480000,0x000000077d880000)
 ParOldGen       total 185856K, used 29555K [0x00000006c1c00000, 0x00000006cd180000, 0x000000076b400000)
  object space 185856K, 15% used [0x00000006c1c00000,0x00000006c38dcc28,0x00000006cd180000)
 Metaspace       used 45748K, capacity 46698K, committed 46888K, reserved 1089536K
  class space    used 5580K, capacity 5924K, committed 5936K, reserved 1048576K
Event: 761.781 GC heap after
Heap after GC invocations=16 (full 5):
 PSYoungGen      total 278528K, used 0K [0x000000076b400000, 0x000000077d880000, 0x00000007c0000000)
  eden space 258048K, 0% used [0x000000076b400000,0x000000076b400000,0x000000077b000000)
  from space 20480K, 0% used [0x000000077b000000,0x000000077b000000,0x000000077c400000)
  to   space 20480K, 0% used [0x000000077c480000,0x000000077c480000,0x000000077d880000)
 ParOldGen       total 185856K, used 31434K [0x00000006c1c00000, 0x00000006cd180000, 0x000000076b400000)
  object space 185856K, 16% used [0x00000006c1c00000,0x00000006c3ab2a08,0x00000006cd180000)
 Metaspace       used 45742K, capacity 46686K, committed 46888K, reserved 1089536K
  class space    used 5579K, capacity 5921K, committed 5936K, reserved 1048576K
}
Event: 780.750 GC heap before
{Heap before GC invocations=17 (full 5):
 PSYoungGen      total 278528K, used 236119K [0x000000076b400000, 0x000000077d880000, 0x00000007c0000000)
  eden space 258048K, 91% used [0x000000076b400000,0x0000000779a95ec0,0x000000077b000000)
  from space 20480K, 0% used [0x000000077b000000,0x000000077b000000,0x000000077c400000)
  to   space 20480K, 0% used [0x000000077c480000,0x000000077c480000,0x000000077d880000)
 ParOldGen       total 185856K, used 31434K [0x00000006c1c00000, 0x00000006cd180000, 0x000000076b400000)
  object space 185856K, 16% used [0x00000006c1c00000,0x00000006c3ab2a08,0x00000006cd180000)
 Metaspace       used 46240K, capacity 47422K, committed 47528K, reserved 1091584K
  class space    used 5625K, capacity 6012K, committed 6064K, reserved 1048576K
Event: 780.755 GC heap after
Heap after GC invocations=17 (full 5):
 PSYoungGen      total 279040K, used 5227K [0x000000076b400000, 0x000000077d880000, 0x00000007c0000000)
  eden space 258560K, 0% used [0x000000076b400000,0x000000076b400000,0x000000077b080000)
  from space 20480K, 25% used [0x000000077c480000,0x000000077c99aca0,0x000000077d880000)
  to   space 20480K, 0% used [0x000000077b080000,0x000000077b080000,0x000000077c480000)
 ParOldGen       total 185856K, used 31442K [0x00000006c1c00000, 0x00000006cd180000, 0x000000076b400000)
  object space 185856K, 16% used [0x00000006c1c00000,0x00000006c3ab4a08,0x00000006cd180000)
 Metaspace       used 46240K, capacity 47422K, committed 47528K, reserved 1091584K
  class space    used 5625K, capacity 6012K, committed 6064K, reserved 1048576K
}
Event: 780.755 GC heap before
{Heap before GC invocations=18 (full 6):
 PSYoungGen      total 279040K, used 5227K [0x000000076b400000, 0x000000077d880000, 0x00000007c0000000)
  eden space 258560K, 0% used [0x000000076b400000,0x000000076b400000,0x000000077b080000)
  from space 20480K, 25% used [0x000000077c480000,0x000000077c99aca0,0x000000077d880000)
  to   space 20480K, 0% used [0x000000077b080000,0x000000077b080000,0x000000077c480000)
 ParOldGen       total 185856K, used 31442K [0x00000006c1c00000, 0x00000006cd180000, 0x000000076b400000)
  object space 185856K, 16% used [0x00000006c1c00000,0x00000006c3ab4a08,0x00000006cd180000)
 Metaspace       used 46240K, capacity 47422K, committed 47528K, reserved 1091584K
  class space    used 5625K, capacity 6012K, committed 6064K, reserved 1048576K
Event: 780.933 GC heap after
Heap after GC invocations=18 (full 6):
 PSYoungGen      total 279040K, used 0K [0x000000076b400000, 0x000000077d880000, 0x00000007c0000000)
  eden space 258560K, 0% used [0x000000076b400000,0x000000076b400000,0x000000077b080000)
  from space 20480K, 0% used [0x000000077c480000,0x000000077c480000,0x000000077d880000)
  to   space 20480K, 0% used [0x000000077b080000,0x000000077b080000,0x000000077c480000)
 ParOldGen       total 185856K, used 31750K [0x00000006c1c00000, 0x00000006cd180000, 0x000000076b400000)
  object space 185856K, 17% used [0x00000006c1c00000,0x00000006c3b01ad0,0x00000006cd180000)
 Metaspace       used 46234K, capacity 47410K, committed 47528K, reserved 1091584K
  class space    used 5624K, capacity 6009K, committed 6064K, reserved 1048576K
}
Event: 839.024 GC heap before
{Heap before GC invocations=19 (full 6):
 PSYoungGen      total 279040K, used 258560K [0x000000076b400000, 0x000000077d880000, 0x00000007c0000000)
  eden space 258560K, 100% used [0x000000076b400000,0x000000077b080000,0x000000077b080000)
  from space 20480K, 0% used [0x000000077c480000,0x000000077c480000,0x000000077d880000)
  to   space 20480K, 0% used [0x000000077b080000,0x000000077b080000,0x000000077c480000)
 ParOldGen       total 185856K, used 31750K [0x00000006c1c00000, 0x00000006cd180000, 0x000000076b400000)
  object space 185856K, 17% used [0x00000006c1c00000,0x00000006c3b01ad0,0x00000006cd180000)
 Metaspace       used 46736K, capacity 47984K, committed 48168K, reserved 1091584K
  class space    used 5665K, capacity 6088K, committed 6192K, reserved 1048576K
Event: 839.031 GC heap after
Heap after GC invocations=19 (full 6):
 PSYoungGen      total 279040K, used 8027K [0x000000076b400000, 0x000000077fa00000, 0x00000007c0000000)
  eden space 258560K, 0% used [0x000000076b400000,0x000000076b400000,0x000000077b080000)
  from space 20480K, 39% used [0x000000077b080000,0x000000077b856d30,0x000000077c480000)
  to   space 19456K, 0% used [0x000000077e700000,0x000000077e700000,0x000000077fa00000)
 ParOldGen       total 185856K, used 31758K [0x00000006c1c00000, 0x00000006cd180000, 0x000000076b400000)
  object space 185856K, 17% used [0x00000006c1c00000,0x00000006c3b03ad0,0x00000006cd180000)
 Metaspace       used 46736K, capacity 47984K, committed 48168K, reserved 1091584K
  class space    used 5665K, capacity 6088K, committed 6192K, reserved 1048576K
}

